ampl: model Ex1[iPhone].mod;
ampl: data Ex1[iPhone].dat;
ampl: option solver cplex;
ampl: solve;
CPLEX 12.9.0.0: optimal solution; objective 1400
1 dual simplex iterations (0 in phase I)
ampl: expand;
minimize Tot_Cost:
	400*X[1] + 100*X[2];

subject to Dem['XR']:
	300*X[1] + 100*X[2] >= 1000;

subject to Dem['XS']:
	100*X[1] + 100*X[2] >= 500;

subject to Dem['XSM']:
	100*X[1] >= 300;

ampl: show;

parameters:   C   D   Y

sets:   I   J

variable:   X

constraint:   Dem

objective:   Tot_Cost
ampl: exit;
