ampl: model Ex6[Vitamine].mod;
ampl: data Ex6[Vitamine].dat;
ampl: option solver cplex;
ampl: solve;
CPLEX 12.9.0.0: optimal solution; objective 14753.125
2 dual simplex iterations (1 in phase I)
ampl: display X;
X [*] :=
A  1.25
B  1.875
;

ampl: expand;
maximize Index:
	3515*X['A'] + 5525*X['B'];

subject to weight:
	37*X['A'] + 65*X['B'] >= 120;

subject to calories:
	120*X['A'] + 160*X['B'] <= 450;

subject to fat:
	5*X['A'] + 10*X['B'] <= 25;

ampl: show;

parameters:   C   F   T   W   c   f   w

set:   I

variable:   X

constraints:   calories   fat   weight

objective:   Index
ampl: exit;
