ampl: model Ex6[BillCarey].mod;
ampl: data Ex6[BillCarey].dat;
ampl: option solver cplex;
ampl: solve;
CPLEX 12.9.0.0: optimal solution; objective 14753.125
2 dual simplex iterations (1 in phase I)
ampl: display X;
X [*] :=
C  1.25
V  1.875
;

ampl: expand;
maximize Index:
	3515*X['C'] + 5525*X['V'];

subject to weight:
	37*X['C'] + 65*X['V'] >= 120;

subject to calories:
	120*X['C'] + 160*X['V'] <= 450;

subject to fat:
	5*X['C'] + 10*X['V'] <= 25;

ampl: exit;
